JAVA PROFILE 1.0.1, created Mon May 19 18:02:01 2014

Copyright (c) 2003, 2005, Oracle and/or its affiliates. All rights reserved.

Redistribution and use in source and binary forms, with or without
modification, are permitted provided that the following conditions
are met:

  - Redistributions of source code must retain the above copyright
    notice, this list of conditions and the following disclaimer.

  - Redistributions in binary form must reproduce the above copyright
    notice, this list of conditions and the following disclaimer in the
    documentation and/or other materials provided with the distribution.

  - Neither the name of Oracle nor the names of its
    contributors may be used to endorse or promote products derived
    from this software without specific prior written permission.

THIS SOFTWARE IS PROVIDED BY THE COPYRIGHT HOLDERS AND CONTRIBUTORS "AS
IS" AND ANY EXPRESS OR IMPLIED WARRANTIES, INCLUDING, BUT NOT LIMITED TO,
THE IMPLIED WARRANTIES OF MERCHANTABILITY AND FITNESS FOR A PARTICULAR
PURPOSE ARE DISCLAIMED.  IN NO EVENT SHALL THE COPYRIGHT OWNER OR
CONTRIBUTORS BE LIABLE FOR ANY DIRECT, INDIRECT, INCIDENTAL, SPECIAL,
EXEMPLARY, OR CONSEQUENTIAL DAMAGES (INCLUDING, BUT NOT LIMITED TO,
PROCUREMENT OF SUBSTITUTE GOODS OR SERVICES; LOSS OF USE, DATA, OR
PROFITS; OR BUSINESS INTERRUPTION) HOWEVER CAUSED AND ON ANY THEORY OF
LIABILITY, WHETHER IN CONTRACT, STRICT LIABILITY, OR TORT (INCLUDING
NEGLIGENCE OR OTHERWISE) ARISING IN ANY WAY OUT OF THE USE OF THIS
SOFTWARE, EVEN IF ADVISED OF THE POSSIBILITY OF SUCH DAMAGE.


Header for -agentlib:hprof (or -Xrunhprof) ASCII Output (JDK 5.0 JVMTI based)

WARNING!  This file format is under development, and is subject to
change without notice.

This file contains the following types of records:

THREAD START
THREAD END      mark the lifetime of Java threads

TRACE           represents a Java stack trace.  Each trace consists
                of a series of stack frames.  Other records refer to
                TRACEs to identify (1) where object allocations have
                taken place, (2) the frames in which GC roots were
                found, and (3) frequently executed methods.

HEAP DUMP       is a complete snapshot of all live objects in the Java
                heap.  Following distinctions are made:

                ROOT    root set as determined by GC
                CLS     classes 
                OBJ     instances
                ARR     arrays

SITES           is a sorted list of allocation sites.  This identifies
                the most heavily allocated object types, and the TRACE
                at which those allocations occurred.

CPU SAMPLES     is a statistical profile of program execution.  The VM
                periodically samples all running threads, and assigns
                a quantum to active TRACEs in those threads.  Entries
                in this record are TRACEs ranked by the percentage of
                total quanta they consumed; top-ranked TRACEs are
                typically hot spots in the program.

CPU TIME        is a profile of program execution obtained by measuring
                the time spent in individual methods (excluding the time
                spent in callees), as well as by counting the number of
                times each method is called. Entries in this record are
                TRACEs ranked by the percentage of total CPU time. The
                "count" field indicates the number of times each TRACE 
                is invoked.

MONITOR TIME    is a profile of monitor contention obtained by measuring
                the time spent by a thread waiting to enter a monitor.
                Entries in this record are TRACEs ranked by the percentage
                of total monitor contention time and a brief description
                of the monitor.  The "count" field indicates the number of 
                times the monitor was contended at that TRACE.

MONITOR DUMP    is a complete snapshot of all the monitors and threads in 
                the System.

HEAP DUMP, SITES, CPU SAMPLES|TIME and MONITOR DUMP|TIME records are generated 
at program exit.  They can also be obtained during program execution by typing 
Ctrl-\ (on Solaris) or by typing Ctrl-Break (on Win32).

--------

THREAD START (obj=500002d8, id = 200001, name="main", group="main")
THREAD START (obj=50002559, id = 200007, name="process reaper", group="system")
THREAD START (obj=50002578, id = 200008, name="Thread-2", group="main")
THREAD END (id = 200008)
THREAD START (obj=50002deb, id = 200009, name="Timer for 'MapTask' metrics system", group="main")
THREAD START (obj=5000344e, id = 200010, name="IPC Client (532118459) connection to /172.23.1.3:50308 from job_1397147117653_0172", group="main")
THREAD START (obj=500041f8, id = 200011, name="IPC Parameter Sending Thread #0", group="main")
THREAD START (obj=50005a4e, id = 200012, name="communication thread", group="main")
THREAD START (obj=50002578, id = 200013, name="Thread-6", group="main")
THREAD END (id = 200013)
THREAD START (obj=50002578, id = 200014, name="Thread-7", group="main")
THREAD END (id = 200014)
THREAD START (obj=5000344e, id = 200015, name="IPC Client (532118459) connection to sandking00/172.23.1.130:9000 from hadoop", group="main")
THREAD END (id = 200010)
THREAD START (obj=50005ef2, id = 200016, name="org.apache.hadoop.hdfs.PeerCache@214a545d", group="main")
THREAD START (obj=5000600e, id = 200017, name="IPC Client (532118459) connection to /172.23.1.3:50308 from job_1397147117653_0172", group="main")
THREAD START (obj=500062ae, id = 200018, name="SpillThread", group="main")
THREAD END (id = 200015)
THREAD END (id = 200007)
THREAD END (id = 200018)
THREAD START (obj=500041f8, id = 200019, name="Readahead Thread #0", group="main")
THREAD START (obj=500041f8, id = 200020, name="Readahead Thread #1", group="main")
THREAD START (obj=500041f8, id = 200021, name="Readahead Thread #2", group="main")
THREAD START (obj=500041f8, id = 200022, name="Readahead Thread #3", group="main")
THREAD START (obj=5000344e, id = 200023, name="IPC Client (532118459) connection to sandking00/172.23.1.130:9000 from hadoop", group="main")
THREAD END (id = 200012)
THREAD END (id = 200017)
THREAD START (obj=500071fd, id = 200025, name="SIGTERM handler", group="system")
THREAD START (obj=50004fad, id = 200026, name="Thread-5", group="main")
THREAD START (obj=50001b9e, id = 200027, name="Thread-1", group="main")
THREAD END (id = 200027)
THREAD END (id = 200023)
THREAD END (id = 200009)
THREAD END (id = 200001)
THREAD START (obj=50007384, id = 200028, name="DestroyJavaVM", group="main")
THREAD END (id = 200026)
THREAD END (id = 200025)
TRACE 300000: (thread=200001)
	<empty>
TRACE 300001: (thread=200001)
	java.lang.Thread.<init>(Thread.java:510)
TRACE 300002: (thread=200001)
	java.lang.Thread.<init>(Thread.java:234)
TRACE 300003: (thread=200001)
	java.lang.String.toCharArray(String.java:2753)
	java.lang.Thread.init(Thread.java:394)
	java.lang.Thread.<init>(Thread.java:511)
TRACE 300004: (thread=200004)
	com.sun.btrace.ThreadEnteredMap.enter(ThreadEnteredMap.java:162)
	com.sun.btrace.BTraceRuntime.enter(BTraceRuntime.java:432)
	com.sun.btrace.BTraceRuntime.enter(BTraceRuntime.java:443)
	com.sun.btrace.agent.Client.transform(Client.java:143)
TRACE 300005: (thread=200004)
	java.lang.ref.Reference.<init>(Reference.java:233)
	java.lang.ref.Reference.<init>(Reference.java:230)
	java.lang.ref.WeakReference.<init>(WeakReference.java:57)
	com.sun.btrace.ThreadEnteredMap.enter(ThreadEnteredMap.java:172)
TRACE 300006: (thread=200004)
	com.sun.btrace.org.objectweb.asm.ClassReader.<init>(<Unknown Source>:Unknown line)
	com.sun.btrace.org.objectweb.asm.ClassReader.<init>(<Unknown Source>:Unknown line)
	com.sun.btrace.runtime.ClassFilter.isCandidate(ClassFilter.java:131)
	com.sun.btrace.agent.Client.transform(Client.java:160)
TRACE 300007: (thread=200004)
	com.sun.btrace.org.objectweb.asm.ClassReader.<init>(<Unknown Source>:Unknown line)
	com.sun.btrace.org.objectweb.asm.ClassReader.<init>(<Unknown Source>:Unknown line)
	com.sun.btrace.runtime.ClassFilter.isCandidate(ClassFilter.java:131)
	com.sun.btrace.agent.Client.transform(Client.java:160)
TRACE 300008: (thread=200004)
	com.sun.btrace.org.objectweb.asm.ClassReader.<init>(<Unknown Source>:Unknown line)
	com.sun.btrace.org.objectweb.asm.ClassReader.<init>(<Unknown Source>:Unknown line)
	com.sun.btrace.runtime.ClassFilter.isCandidate(ClassFilter.java:131)
	com.sun.btrace.agent.Client.transform(Client.java:160)
TRACE 300009: (thread=200004)
	java.lang.ClassLoader.getClassLoadingLock(ClassLoader.java:462)
	java.lang.ClassLoader.loadClass(ClassLoader.java:404)
	sun.misc.Launcher$AppClassLoader.loadClass(Launcher.java:308)
	java.lang.ClassLoader.loadClass(ClassLoader.java:357)
TRACE 300010: (thread=200004)
	java.util.concurrent.ConcurrentHashMap$HashEntry.<init>(ConcurrentHashMap.java:268)
	java.util.concurrent.ConcurrentHashMap$Segment.put(ConcurrentHashMap.java:457)
	java.util.concurrent.ConcurrentHashMap.putIfAbsent(ConcurrentHashMap.java:1150)
	java.lang.ClassLoader.getClassLoadingLock(ClassLoader.java:463)
TRACE 300011: (thread=200004)
	java.util.concurrent.ConcurrentHashMap$Segment.rehash(ConcurrentHashMap.java:501)
	java.util.concurrent.ConcurrentHashMap$Segment.put(ConcurrentHashMap.java:460)
	java.util.concurrent.ConcurrentHashMap.putIfAbsent(ConcurrentHashMap.java:1150)
	java.lang.ClassLoader.getClassLoadingLock(ClassLoader.java:463)
TRACE 300012: (thread=200004)
	java.util.concurrent.ConcurrentHashMap$HashEntry.<init>(ConcurrentHashMap.java:268)
	java.util.concurrent.ConcurrentHashMap$Segment.rehash(ConcurrentHashMap.java:530)
	java.util.concurrent.ConcurrentHashMap$Segment.put(ConcurrentHashMap.java:460)
	java.util.concurrent.ConcurrentHashMap.putIfAbsent(ConcurrentHashMap.java:1150)
TRACE 300013: (thread=200004)
	java.lang.ClassLoader.getClassLoadingLock(ClassLoader.java:462)
	java.lang.ClassLoader.loadClass(ClassLoader.java:404)
	java.lang.ClassLoader.loadClass(ClassLoader.java:411)
	sun.misc.Launcher$AppClassLoader.loadClass(Launcher.java:308)
TRACE 300014: (thread=200004)
	java.net.URLClassLoader$1.<init>(URLClassLoader.java:355)
	java.net.URLClassLoader.findClass(URLClassLoader.java:354)
	java.lang.ClassLoader.loadClass(ClassLoader.java:424)
	java.lang.ClassLoader.loadClass(ClassLoader.java:411)
TRACE 300015: (thread=200004)
	java.lang.String.replace(String.java:2021)
	java.net.URLClassLoader$1.run(URLClassLoader.java:357)
	java.net.URLClassLoader$1.run(URLClassLoader.java:355)
	java.security.AccessController.doPrivileged(AccessController.java:Unknown line)
TRACE 300016: (thread=200001)
	java.lang.AbstractStringBuilder.<init>(AbstractStringBuilder.java:63)
	java.lang.StringBuilder.<init>(StringBuilder.java:85)
	sun.misc.PostVMInitHook.trackJavaUsage(PostVMInitHook.java:32)
	sun.misc.PostVMInitHook.run(PostVMInitHook.java:22)
TRACE 300017: (thread=200004)
	java.lang.String.<init>(String.java:599)
	java.lang.String.replace(String.java:2030)
	java.net.URLClassLoader$1.run(URLClassLoader.java:357)
	java.net.URLClassLoader$1.run(URLClassLoader.java:355)
TRACE 300018: (thread=200001)
	java.lang.AbstractStringBuilder.<init>(AbstractStringBuilder.java:64)
	java.lang.StringBuilder.<init>(StringBuilder.java:85)
	sun.misc.PostVMInitHook.trackJavaUsage(PostVMInitHook.java:32)
	sun.misc.PostVMInitHook.run(PostVMInitHook.java:22)
TRACE 300019: (thread=200004)
	java.util.Arrays.copyOf(Arrays.java:2367)
	java.lang.String.concat(String.java:1975)
	java.net.URLClassLoader$1.run(URLClassLoader.java:357)
	java.net.URLClassLoader$1.run(URLClassLoader.java:355)
TRACE 300020: (thread=200001)
	java.util.Arrays.copyOf(Arrays.java:2367)
	java.lang.AbstractStringBuilder.expandCapacity(AbstractStringBuilder.java:130)
	java.lang.AbstractStringBuilder.ensureCapacityInternal(AbstractStringBuilder.java:114)
	java.lang.AbstractStringBuilder.append(AbstractStringBuilder.java:415)
TRACE 300021: (thread=200004)
	java.lang.String.<init>(String.java:599)
	java.lang.String.concat(String.java:1977)
	java.net.URLClassLoader$1.run(URLClassLoader.java:357)
	java.net.URLClassLoader$1.run(URLClassLoader.java:355)
TRACE 300022: (thread=200001)
	java.lang.String.<init>(String.java:192)
	java.lang.StringBuilder.toString(StringBuilder.java:405)
	sun.misc.PostVMInitHook.trackJavaUsage(PostVMInitHook.java:32)
	sun.misc.PostVMInitHook.run(PostVMInitHook.java:22)
TRACE 300023: (thread=200001)
	java.util.Arrays.copyOfRange(Arrays.java:2694)
	java.lang.String.<init>(String.java:203)
	java.lang.StringBuilder.toString(StringBuilder.java:405)
	sun.misc.PostVMInitHook.trackJavaUsage(PostVMInitHook.java:32)
TRACE 300024: (thread=200001)
	java.io.File.<init>(File.java:249)
	sun.misc.PostVMInitHook.trackJavaUsage(PostVMInitHook.java:42)
	sun.misc.PostVMInitHook.run(PostVMInitHook.java:22)
TRACE 300025: (thread=200004)
	java.lang.Throwable.<init>(Throwable.java:286)
	java.lang.Exception.<init>(Exception.java:84)
	java.lang.ReflectiveOperationException.<init>(ReflectiveOperationException.java:75)
	java.lang.ClassNotFoundException.<init>(ClassNotFoundException.java:82)
TRACE 300026: (thread=200001)
	java.lang.StringCoding$StringEncoder.encode(StringCoding.java:300)
	java.lang.StringCoding.encode(StringCoding.java:344)
	java.lang.String.getBytes(String.java:916)
	java.io.UnixFileSystem.getBooleanAttributes0(UnixFileSystem.java:Unknown line)
TRACE 300027: (thread=200001)
	java.util.Arrays.copyOf(Arrays.java:2271)
	java.lang.StringCoding.safeTrim(StringCoding.java:79)
	java.lang.StringCoding.access$300(StringCoding.java:50)
	java.lang.StringCoding$StringEncoder.encode(StringCoding.java:305)
TRACE 300028: (thread=200004)
	java.lang.Throwable.<init>(Throwable.java:309)
	java.lang.Exception.<init>(Exception.java:102)
	java.security.PrivilegedActionException.<init>(PrivilegedActionException.java:66)
	java.security.AccessController.doPrivileged(AccessController.java:Unknown line)
TRACE 300029: (thread=200001)
	java.lang.String.<init>(String.java:192)
	java.lang.String.substring(String.java:1877)
	java.io.File.getName(File.java:430)
	java.io.UnixFileSystem.getBooleanAttributes(UnixFileSystem.java:243)
TRACE 300030: (thread=200001)
	java.util.Arrays.copyOfRange(Arrays.java:2694)
	java.lang.String.<init>(String.java:203)
	java.lang.String.substring(String.java:1877)
	java.io.File.getName(File.java:430)
TRACE 300031: (thread=200004)
	java.net.URLClassLoader$1.<init>(URLClassLoader.java:355)
	java.net.URLClassLoader.findClass(URLClassLoader.java:354)
	java.lang.ClassLoader.loadClass(ClassLoader.java:424)
	sun.misc.Launcher$AppClassLoader.loadClass(Launcher.java:308)
TRACE 300032: (thread=200004)
	java.net.URL.<init>(URL.java:507)
	java.net.URL.<init>(URL.java:482)
	sun.misc.URLClassPath$FileLoader.getResource(URLClassPath.java:1049)
	sun.misc.URLClassPath.getResource(URLClassPath.java:199)
TRACE 300033: (thread=200004)
	java.lang.AbstractStringBuilder.<init>(AbstractStringBuilder.java:63)
	java.lang.StringBuilder.<init>(StringBuilder.java:85)
	java.net.URLStreamHandler.parseURL(URLStreamHandler.java:249)
	sun.net.www.protocol.file.Handler.parseURL(Handler.java:67)
TRACE 300034: (thread=200004)
	java.lang.AbstractStringBuilder.<init>(AbstractStringBuilder.java:64)
	java.lang.StringBuilder.<init>(StringBuilder.java:85)
	java.net.URLStreamHandler.parseURL(URLStreamHandler.java:249)
	sun.net.www.protocol.file.Handler.parseURL(Handler.java:67)
TRACE 300035: (thread=200004)
	java.util.Arrays.copyOf(Arrays.java:2367)
	java.lang.AbstractStringBuilder.expandCapacity(AbstractStringBuilder.java:130)
	java.lang.AbstractStringBuilder.ensureCapacityInternal(AbstractStringBuilder.java:114)
	java.lang.AbstractStringBuilder.append(AbstractStringBuilder.java:415)
TRACE 300036: (thread=200004)
	java.lang.String.<init>(String.java:192)
	java.lang.StringBuilder.toString(StringBuilder.java:405)
	java.net.URLStreamHandler.parseURL(URLStreamHandler.java:249)
	sun.net.www.protocol.file.Handler.parseURL(Handler.java:67)
TRACE 300037: (thread=200004)
	java.util.Arrays.copyOfRange(Arrays.java:2694)
	java.lang.String.<init>(String.java:203)
	java.lang.StringBuilder.toString(StringBuilder.java:405)
	java.net.URLStreamHandler.parseURL(URLStreamHandler.java:249)
TRACE 300038: (thread=200004)
	java.lang.String.<init>(String.java:192)
	java.lang.String.substring(String.java:1913)
	java.net.URLStreamHandler.parseURL(URLStreamHandler.java:302)
	sun.net.www.protocol.file.Handler.parseURL(Handler.java:67)
TRACE 300039: (thread=200004)
	java.util.Arrays.copyOfRange(Arrays.java:2694)
	java.lang.String.<init>(String.java:203)
	java.lang.String.substring(String.java:1913)
	java.net.URLStreamHandler.parseURL(URLStreamHandler.java:302)
TRACE 300040: (thread=200001)
	com.sun.btrace.org.objectweb.asm.ClassReader.<init>(<Unknown Source>:Unknown line)
	com.sun.btrace.org.objectweb.asm.ClassReader.<init>(<Unknown Source>:Unknown line)
	com.sun.btrace.runtime.ClassFilter.isCandidate(ClassFilter.java:131)
	com.sun.btrace.agent.Client.transform(Client.java:160)
TRACE 300041: (thread=200001)
	com.sun.btrace.org.objectweb.asm.ClassReader.<init>(<Unknown Source>:Unknown line)
	com.sun.btrace.org.objectweb.asm.ClassReader.<init>(<Unknown Source>:Unknown line)
	com.sun.btrace.runtime.ClassFilter.isCandidate(ClassFilter.java:131)
	com.sun.btrace.agent.Client.transform(Client.java:160)
TRACE 300042: (thread=200001)
	com.sun.btrace.org.objectweb.asm.ClassReader.<init>(<Unknown Source>:Unknown line)
	com.sun.btrace.org.objectweb.asm.ClassReader.<init>(<Unknown Source>:Unknown line)
	com.sun.btrace.runtime.ClassFilter.isCandidate(ClassFilter.java:131)
	com.sun.btrace.agent.Client.transform(Client.java:160)
TRACE 300043: (thread=200004)
	sun.net.www.ParseUtil.encodePath(ParseUtil.java:105)
	sun.misc.URLClassPath$FileLoader.getResource(URLClassPath.java:1050)
	sun.misc.URLClassPath.getResource(URLClassPath.java:199)
	java.net.URLClassLoader$1.run(URLClassLoader.java:358)
TRACE 300044: (thread=200004)
	java.lang.String.toCharArray(String.java:2753)
	sun.net.www.ParseUtil.encodePath(ParseUtil.java:107)
	sun.misc.URLClassPath$FileLoader.getResource(URLClassPath.java:1050)
	sun.misc.URLClassPath.getResource(URLClassPath.java:199)
TRACE 300045: (thread=200004)
	java.lang.String.<init>(String.java:192)
	sun.net.www.ParseUtil.encodePath(ParseUtil.java:146)
	sun.misc.URLClassPath$FileLoader.getResource(URLClassPath.java:1050)
	sun.misc.URLClassPath.getResource(URLClassPath.java:199)
TRACE 300046: (thread=200004)
	java.util.Arrays.copyOfRange(Arrays.java:2694)
	java.lang.String.<init>(String.java:203)
	sun.net.www.ParseUtil.encodePath(ParseUtil.java:146)
	sun.misc.URLClassPath$FileLoader.getResource(URLClassPath.java:1050)
TRACE 300047: (thread=200004)
	java.net.URL.<init>(URL.java:507)
	java.net.URL.<init>(URL.java:482)
	sun.misc.URLClassPath$FileLoader.getResource(URLClassPath.java:1050)
	sun.misc.URLClassPath.getResource(URLClassPath.java:199)
TRACE 300048: (thread=200004)
	java.io.File.<init>(File.java:332)
	sun.misc.URLClassPath$FileLoader.getResource(URLClassPath.java:1069)
	sun.misc.URLClassPath.getResource(URLClassPath.java:199)
	java.net.URLClassLoader$1.run(URLClassLoader.java:358)
TRACE 300049: (thread=200004)
	java.lang.AbstractStringBuilder.<init>(AbstractStringBuilder.java:63)
	java.lang.StringBuilder.<init>(StringBuilder.java:85)
	java.io.UnixFileSystem.resolve(UnixFileSystem.java:108)
	java.io.File.<init>(File.java:341)
TRACE 300050: (thread=200004)
	java.lang.AbstractStringBuilder.<init>(AbstractStringBuilder.java:64)
	java.lang.StringBuilder.<init>(StringBuilder.java:85)
	java.io.UnixFileSystem.resolve(UnixFileSystem.java:108)
	java.io.File.<init>(File.java:341)
TRACE 300051: (thread=200004)
	java.util.Arrays.copyOf(Arrays.java:2367)
	java.lang.AbstractStringBuilder.expandCapacity(AbstractStringBuilder.java:130)
	java.lang.AbstractStringBuilder.ensureCapacityInternal(AbstractStringBuilder.java:114)
	java.lang.AbstractStringBuilder.append(AbstractStringBuilder.java:587)
TRACE 300052: (thread=200004)
	java.lang.String.<init>(String.java:192)
	java.lang.StringBuilder.toString(StringBuilder.java:405)
	java.io.UnixFileSystem.resolve(UnixFileSystem.java:108)
	java.io.File.<init>(File.java:341)
TRACE 300053: (thread=200004)
	java.util.Arrays.copyOfRange(Arrays.java:2694)
	java.lang.String.<init>(String.java:203)
	java.lang.StringBuilder.toString(StringBuilder.java:405)
	java.io.UnixFileSystem.resolve(UnixFileSystem.java:108)
TRACE 300054: (thread=200004)
	java.lang.ThreadLocal$ThreadLocalMap.<init>(ThreadLocal.java:328)
	java.lang.ThreadLocal.createMap(ThreadLocal.java:225)
	java.lang.ThreadLocal.setInitialValue(ThreadLocal.java:166)
	java.lang.ThreadLocal.get(ThreadLocal.java:150)
TRACE 300055: (thread=200004)
	java.lang.ThreadLocal$ThreadLocalMap.<init>(ThreadLocal.java:329)
	java.lang.ThreadLocal.createMap(ThreadLocal.java:225)
	java.lang.ThreadLocal.setInitialValue(ThreadLocal.java:166)
	java.lang.ThreadLocal.get(ThreadLocal.java:150)
TRACE 300056: (thread=200004)
	java.lang.ref.Reference.<init>(Reference.java:233)
	java.lang.ref.Reference.<init>(Reference.java:230)
	java.lang.ref.WeakReference.<init>(WeakReference.java:57)
	java.lang.ThreadLocal$ThreadLocalMap$Entry.<init>(ThreadLocal.java:276)
TRACE 300057: (thread=200004)
	java.lang.StringCoding$StringEncoder.<init>(StringCoding.java:279)
	java.lang.StringCoding$StringEncoder.<init>(StringCoding.java:273)
	java.lang.StringCoding.encode(StringCoding.java:338)
	java.lang.String.getBytes(String.java:916)
TRACE 300058: (thread=200004)
	java.nio.charset.CharsetEncoder.<init>(CharsetEncoder.java:226)
	sun.nio.cs.UTF_8$Encoder.<init>(UTF_8.java:486)
	sun.nio.cs.UTF_8$Encoder.<init>(UTF_8.java:482)
	sun.nio.cs.UTF_8.newEncoder(UTF_8.java:72)
TRACE 300059: (thread=200004)
	java.nio.charset.CharsetEncoder.<init>(CharsetEncoder.java:186)
	java.nio.charset.CharsetEncoder.<init>(CharsetEncoder.java:226)
	sun.nio.cs.UTF_8$Encoder.<init>(UTF_8.java:486)
	sun.nio.cs.UTF_8$Encoder.<init>(UTF_8.java:482)
TRACE 300060: (thread=200004)
	java.lang.ref.Reference.<init>(Reference.java:233)
	java.lang.ref.Reference.<init>(Reference.java:230)
	java.lang.ref.SoftReference.<init>(SoftReference.java:85)
	java.lang.StringCoding.set(StringCoding.java:70)
TRACE 300061: (thread=200004)
	java.lang.StringCoding$StringEncoder.encode(StringCoding.java:300)
	java.lang.StringCoding.encode(StringCoding.java:344)
	java.lang.String.getBytes(String.java:916)
	java.io.UnixFileSystem.getBooleanAttributes0(UnixFileSystem.java:Unknown line)
TRACE 300062: (thread=200004)
	java.util.Arrays.copyOf(Arrays.java:2271)
	java.lang.StringCoding.safeTrim(StringCoding.java:79)
	java.lang.StringCoding.access$300(StringCoding.java:50)
	java.lang.StringCoding$StringEncoder.encode(StringCoding.java:305)
TRACE 300063: (thread=200004)
	java.lang.String.<init>(String.java:192)
	java.lang.String.substring(String.java:1877)
	java.io.File.getName(File.java:430)
	java.io.UnixFileSystem.getBooleanAttributes(UnixFileSystem.java:243)
TRACE 300064: (thread=200004)
	java.util.Arrays.copyOfRange(Arrays.java:2694)
	java.lang.String.<init>(String.java:203)
	java.lang.String.substring(String.java:1877)
	java.io.File.getName(File.java:430)
TRACE 300065: (thread=200004)
	java.lang.String.toCharArray(String.java:2753)
	java.util.zip.ZipCoder.getBytes(ZipCoder.java:78)
	java.util.zip.ZipFile.getEntry(ZipFile.java:306)
	java.util.jar.JarFile.getEntry(JarFile.java:226)
TRACE 300066: (thread=200004)
	java.util.zip.ZipCoder.getBytes(ZipCoder.java:80)
	java.util.zip.ZipFile.getEntry(ZipFile.java:306)
	java.util.jar.JarFile.getEntry(JarFile.java:226)
	java.util.jar.JarFile.getJarEntry(JarFile.java:209)
TRACE 300067: (thread=200004)
	java.util.Arrays.copyOf(Arrays.java:2271)
	java.util.zip.ZipCoder.getBytes(ZipCoder.java:89)
	java.util.zip.ZipFile.getEntry(ZipFile.java:306)
	java.util.jar.JarFile.getEntry(JarFile.java:226)
TRACE 300068: (thread=200004)
	java.util.AbstractCollection.<init>(AbstractCollection.java:66)
	java.util.AbstractSet.<init>(AbstractSet.java:63)
	java.util.HashSet.<init>(HashSet.java:102)
	sun.misc.URLClassPath$JarLoader.getResource(URLClassPath.java:839)
TRACE 300069: (thread=200004)
	java.util.AbstractMap.<init>(AbstractMap.java:73)
	java.util.HashMap.<init>(HashMap.java:266)
	java.util.HashMap.<init>(HashMap.java:305)
	java.util.HashSet.<init>(HashSet.java:103)
TRACE 300070: (thread=200004)
	java.util.HashMap.<init>(HashMap.java:283)
	java.util.HashMap.<init>(HashMap.java:305)
	java.util.HashSet.<init>(HashSet.java:103)
	sun.misc.URLClassPath$JarLoader.getResource(URLClassPath.java:839)
TRACE 300071: (thread=200004)
	java.lang.String.<init>(String.java:192)
	java.lang.String.substring(String.java:1913)
	sun.misc.JarIndex.get(JarIndex.java:175)
	sun.misc.URLClassPath$JarLoader.getResource(URLClassPath.java:862)
TRACE 300072: (thread=200004)
	java.util.Arrays.copyOfRange(Arrays.java:2694)
	java.lang.String.<init>(String.java:203)
	java.lang.String.substring(String.java:1913)
	sun.misc.JarIndex.get(JarIndex.java:175)
TRACE 300073: (thread=200004)
	java.util.zip.ZipEntry.<init>(ZipEntry.java:95)
	java.util.zip.ZipFile.getZipEntry(ZipFile.java:522)
	java.util.zip.ZipFile.getEntry(ZipFile.java:308)
	java.util.jar.JarFile.getEntry(JarFile.java:226)
TRACE 300074: (thread=200004)
	java.util.zip.ZipEntry.<init>(ZipEntry.java:80)
	java.util.jar.JarEntry.<init>(JarEntry.java:62)
	java.util.jar.JarFile$JarFileEntry.<init>(JarFile.java:251)
	java.util.jar.JarFile.getEntry(JarFile.java:228)
TRACE 300075: (thread=200004)
	sun.net.www.ParseUtil.encodePath(ParseUtil.java:105)
	sun.misc.URLClassPath$JarLoader.checkResource(URLClassPath.java:749)
	sun.misc.URLClassPath$JarLoader.getResource(URLClassPath.java:834)
	sun.misc.URLClassPath.getResource(URLClassPath.java:199)
TRACE 300076: (thread=200004)
	java.lang.String.toCharArray(String.java:2753)
	sun.net.www.ParseUtil.encodePath(ParseUtil.java:107)
	sun.misc.URLClassPath$JarLoader.checkResource(URLClassPath.java:749)
	sun.misc.URLClassPath$JarLoader.getResource(URLClassPath.java:834)
TRACE 300077: (thread=200004)
	java.lang.String.<init>(String.java:192)
	sun.net.www.ParseUtil.encodePath(ParseUtil.java:146)
	sun.misc.URLClassPath$JarLoader.checkResource(URLClassPath.java:749)
	sun.misc.URLClassPath$JarLoader.getResource(URLClassPath.java:834)
TRACE 300078: (thread=200004)
	java.util.Arrays.copyOfRange(Arrays.java:2694)
	java.lang.String.<init>(String.java:203)
	sun.net.www.ParseUtil.encodePath(ParseUtil.java:146)
	sun.misc.URLClassPath$JarLoader.checkResource(URLClassPath.java:749)
TRACE 300079: (thread=200004)
	java.net.URL.<init>(URL.java:507)
	java.net.URL.<init>(URL.java:482)
	sun.misc.URLClassPath$JarLoader.checkResource(URLClassPath.java:749)
	sun.misc.URLClassPath$JarLoader.getResource(URLClassPath.java:834)
TRACE 300080: (thread=200004)
	java.lang.String.<init>(String.java:192)
	java.lang.String.substring(String.java:1913)
	sun.net.www.protocol.jar.Handler.parseURL(Handler.java:145)
	java.net.URL.<init>(URL.java:614)
TRACE 300081: (thread=200004)
	java.util.Arrays.copyOfRange(Arrays.java:2694)
	java.lang.String.<init>(String.java:203)
	java.lang.String.substring(String.java:1913)
	sun.net.www.protocol.jar.Handler.parseURL(Handler.java:145)
TRACE 300082: (thread=200004)
	java.lang.AbstractStringBuilder.<init>(AbstractStringBuilder.java:63)
	java.lang.StringBuilder.<init>(StringBuilder.java:85)
	sun.net.www.protocol.jar.Handler.parseContextSpec(Handler.java:206)
	sun.net.www.protocol.jar.Handler.parseURL(Handler.java:152)
TRACE 300083: (thread=200004)
	java.lang.AbstractStringBuilder.<init>(AbstractStringBuilder.java:64)
	java.lang.StringBuilder.<init>(StringBuilder.java:85)
	sun.net.www.protocol.jar.Handler.parseContextSpec(Handler.java:206)
	sun.net.www.protocol.jar.Handler.parseURL(Handler.java:152)
TRACE 300084: (thread=200004)
	java.lang.String.<init>(String.java:192)
	java.lang.StringBuilder.toString(StringBuilder.java:405)
	sun.net.www.protocol.jar.Handler.parseContextSpec(Handler.java:206)
	sun.net.www.protocol.jar.Handler.parseURL(Handler.java:152)
TRACE 300085: (thread=200004)
	java.util.Arrays.copyOfRange(Arrays.java:2694)
	java.lang.String.<init>(String.java:203)
	java.lang.StringBuilder.toString(StringBuilder.java:405)
	sun.net.www.protocol.jar.Handler.parseContextSpec(Handler.java:206)
TRACE 300086: (thread=200004)
	java.lang.String.<init>(String.java:192)
	java.lang.String.substring(String.java:1913)
	sun.net.www.protocol.jar.Handler.parseURL(Handler.java:156)
	java.net.URL.<init>(URL.java:614)
TRACE 300087: (thread=200001)
	com.sun.btrace.runtime.ClassFilter.isCandidate(ClassFilter.java:135)
	com.sun.btrace.runtime.ClassFilter.isCandidate(ClassFilter.java:131)
	com.sun.btrace.agent.Client.transform(Client.java:160)
	sun.instrument.TransformerManager.transform(TransformerManager.java:188)
TRACE 300088: (thread=200004)
	java.util.Arrays.copyOfRange(Arrays.java:2694)
	java.lang.String.<init>(String.java:203)
	java.lang.String.substring(String.java:1913)
	sun.net.www.protocol.jar.Handler.parseURL(Handler.java:156)
TRACE 300089: (thread=200004)
	java.lang.String.<init>(String.java:192)
	java.lang.String.substring(String.java:1877)
	sun.net.www.protocol.jar.Handler.parseURL(Handler.java:157)
	java.net.URL.<init>(URL.java:614)
TRACE 300090: (thread=200004)
	java.util.Arrays.copyOfRange(Arrays.java:2694)
	java.lang.String.<init>(String.java:203)
	java.lang.String.substring(String.java:1877)
	sun.net.www.protocol.jar.Handler.parseURL(Handler.java:157)
TRACE 300091: (thread=200004)
	sun.net.www.ParseUtil.<init>(ParseUtil.java:48)
	sun.net.www.protocol.jar.Handler.parseURL(Handler.java:158)
	java.net.URL.<init>(URL.java:614)
	java.net.URL.<init>(URL.java:482)
TRACE 300092: (thread=200004)
	java.lang.AbstractStringBuilder.<init>(AbstractStringBuilder.java:63)
	java.lang.StringBuilder.<init>(StringBuilder.java:85)
	sun.net.www.protocol.jar.Handler.parseURL(Handler.java:160)
	java.net.URL.<init>(URL.java:614)
TRACE 300093: (thread=200004)
	java.lang.AbstractStringBuilder.<init>(AbstractStringBuilder.java:64)
	java.lang.StringBuilder.<init>(StringBuilder.java:85)
	sun.net.www.protocol.jar.Handler.parseURL(Handler.java:160)
	java.net.URL.<init>(URL.java:614)
TRACE 300094: (thread=200004)
	java.lang.String.<init>(String.java:192)
	java.lang.StringBuilder.toString(StringBuilder.java:405)
	sun.net.www.protocol.jar.Handler.parseURL(Handler.java:160)
	java.net.URL.<init>(URL.java:614)
TRACE 300095: (thread=200004)
	java.util.Arrays.copyOfRange(Arrays.java:2694)
	java.lang.String.<init>(String.java:203)
	java.lang.StringBuilder.toString(StringBuilder.java:405)
	sun.net.www.protocol.jar.Handler.parseURL(Handler.java:160)
TRACE 300096: (thread=200004)
	sun.misc.Resource.<init>(Resource.java:46)
	sun.misc.URLClassPath$JarLoader$2.<init>(URLClassPath.java:762)
	sun.misc.URLClassPath$JarLoader.checkResource(URLClassPath.java:762)
	sun.misc.URLClassPath$JarLoader.getResource(URLClassPath.java:834)
TRACE 300097: (thread=200004)
	java.lang.String.<init>(String.java:192)
	java.lang.String.substring(String.java:1913)
	java.net.URLClassLoader.defineClass(URLClassLoader.java:414)
	java.net.URLClassLoader.access$100(URLClassLoader.java:71)
TRACE 300098: (thread=200004)
	java.util.Arrays.copyOfRange(Arrays.java:2694)
	java.lang.String.<init>(String.java:203)
	java.lang.String.substring(String.java:1913)
	java.net.URLClassLoader.defineClass(URLClassLoader.java:414)
TRACE 300099: (thread=200004)
	java.lang.String.replace(String.java:2021)
	java.net.URLClassLoader.isSealed(URLClassLoader.java:523)
	java.net.URLClassLoader.getAndVerifyPackage(URLClassLoader.java:394)
	java.net.URLClassLoader.defineClass(URLClassLoader.java:417)
TRACE 300100: (thread=200004)
	java.lang.String.<init>(String.java:599)
	java.lang.String.replace(String.java:2030)
	java.net.URLClassLoader.isSealed(URLClassLoader.java:523)
	java.net.URLClassLoader.getAndVerifyPackage(URLClassLoader.java:394)
TRACE 300101: (thread=200004)
	java.util.Arrays.copyOf(Arrays.java:2367)
	java.lang.String.concat(String.java:1975)
	java.net.URLClassLoader.isSealed(URLClassLoader.java:523)
	java.net.URLClassLoader.getAndVerifyPackage(URLClassLoader.java:394)
TRACE 300102: (thread=200004)
	java.lang.String.<init>(String.java:599)
	java.lang.String.concat(String.java:1977)
	java.net.URLClassLoader.isSealed(URLClassLoader.java:523)
	java.net.URLClassLoader.getAndVerifyPackage(URLClassLoader.java:394)
TRACE 300103: (thread=200004)
	java.lang.String.toCharArray(String.java:2753)
	java.util.zip.ZipCoder.getBytes(ZipCoder.java:78)
	java.util.zip.ZipFile.getInputStream(ZipFile.java:351)
	java.util.jar.JarFile.getInputStream(JarFile.java:409)
TRACE 300104: (thread=200004)
	java.util.zip.ZipCoder.getBytes(ZipCoder.java:80)
	java.util.zip.ZipFile.getInputStream(ZipFile.java:351)
	java.util.jar.JarFile.getInputStream(JarFile.java:409)
	sun.misc.URLClassPath$JarLoader$2.getInputStream(URLClassPath.java:767)
TRACE 300105: (thread=200004)
	java.util.Arrays.copyOf(Arrays.java:2271)
	java.util.zip.ZipCoder.getBytes(ZipCoder.java:89)
	java.util.zip.ZipFile.getInputStream(ZipFile.java:351)
	java.util.jar.JarFile.getInputStream(JarFile.java:409)
TRACE 300106: (thread=200004)
	java.io.InputStream.<init>(InputStream.java:45)
	java.util.zip.ZipFile$ZipFileInputStream.<init>(ZipFile.java:659)
	java.util.zip.ZipFile.getInputStream(ZipFile.java:356)
	java.util.jar.JarFile.getInputStream(JarFile.java:409)
TRACE 300107: (thread=200004)
	java.lang.ref.Reference.<init>(Reference.java:233)
	java.lang.ref.FinalReference.<init>(FinalReference.java:34)
	java.lang.ref.Finalizer.<init>(Finalizer.java:84)
	java.lang.ref.Finalizer.register(Finalizer.java:90)
TRACE 300108: (thread=200004)
	java.io.InputStream.<init>(InputStream.java:45)
	java.io.FilterInputStream.<init>(FilterInputStream.java:61)
	java.util.zip.InflaterInputStream.<init>(InflaterInputStream.java:81)
	java.util.zip.ZipFile$ZipFileInflaterInputStream.<init>(ZipFile.java:389)
TRACE 300109: (thread=200004)
	java.util.zip.InflaterInputStream.<init>(InflaterInputStream.java:112)
	java.util.zip.ZipFile$ZipFileInflaterInputStream.<init>(ZipFile.java:389)
	java.util.zip.ZipFile.getInputStream(ZipFile.java:370)
	java.util.jar.JarFile.getInputStream(JarFile.java:409)
TRACE 300110: (thread=200004)
	java.util.zip.InflaterInputStream.<init>(InflaterInputStream.java:187)
	java.util.zip.ZipFile$ZipFileInflaterInputStream.<init>(ZipFile.java:389)
	java.util.zip.ZipFile.getInputStream(ZipFile.java:370)
	java.util.jar.JarFile.getInputStream(JarFile.java:409)
TRACE 300111: (thread=200004)
	java.util.zip.InflaterInputStream.<init>(InflaterInputStream.java:88)
	java.util.zip.ZipFile$ZipFileInflaterInputStream.<init>(ZipFile.java:389)
	java.util.zip.ZipFile.getInputStream(ZipFile.java:370)
	java.util.jar.JarFile.getInputStream(JarFile.java:409)
TRACE 300112: (thread=200004)
	java.lang.ref.Reference.<init>(Reference.java:233)
	java.lang.ref.WeakReference.<init>(WeakReference.java:69)
	java.util.WeakHashMap$Entry.<init>(WeakHashMap.java:787)
	java.util.WeakHashMap.put(WeakHashMap.java:531)
TRACE 300113: (thread=200004)
	sun.misc.Resource.getBytes(Resource.java:109)
	java.net.URLClassLoader.defineClass(URLClassLoader.java:444)
	java.net.URLClassLoader.access$100(URLClassLoader.java:71)
	java.net.URLClassLoader$1.run(URLClassLoader.java:361)
TRACE 300114: (thread=200004)
	java.util.Arrays.copyOf(Arrays.java:2271)
	sun.misc.Resource.getBytes(Resource.java:117)
	java.net.URLClassLoader.defineClass(URLClassLoader.java:444)
	java.net.URLClassLoader.access$100(URLClassLoader.java:71)
TRACE 300115: (thread=200004)
	java.security.CodeSource.<init>(CodeSource.java:103)
	java.net.URLClassLoader.defineClass(URLClassLoader.java:447)
	java.net.URLClassLoader.access$100(URLClassLoader.java:71)
	java.net.URLClassLoader$1.run(URLClassLoader.java:361)
TRACE 300116: (thread=200004)
	java.lang.String.<init>(String.java:192)
	java.lang.String.substring(String.java:1913)
	java.lang.ClassLoader.checkCerts(ClassLoader.java:925)
	java.lang.ClassLoader.preDefineClass(ClassLoader.java:658)
TRACE 300117: (thread=200004)
	java.util.Arrays.copyOfRange(Arrays.java:2694)
	java.lang.String.<init>(String.java:203)
	java.lang.String.substring(String.java:1913)
	java.lang.ClassLoader.checkCerts(ClassLoader.java:925)
TRACE 300118: (thread=200004)
	java.lang.AbstractStringBuilder.<init>(AbstractStringBuilder.java:63)
	java.lang.StringBuffer.<init>(StringBuffer.java:108)
	java.net.URLStreamHandler.toExternalForm(URLStreamHandler.java:490)
	java.net.URL.toExternalForm(URL.java:921)
TRACE 300119: (thread=200004)
	java.lang.AbstractStringBuilder.<init>(AbstractStringBuilder.java:64)
	java.lang.StringBuffer.<init>(StringBuffer.java:108)
	java.net.URLStreamHandler.toExternalForm(URLStreamHandler.java:490)
	java.net.URL.toExternalForm(URL.java:921)
TRACE 300120: (thread=200004)
	java.lang.String.<init>(String.java:192)
	java.lang.StringBuffer.toString(StringBuffer.java:561)
	java.net.URLStreamHandler.toExternalForm(URLStreamHandler.java:508)
	java.net.URL.toExternalForm(URL.java:921)
TRACE 300121: (thread=200004)
	java.util.Arrays.copyOfRange(Arrays.java:2694)
	java.lang.String.<init>(String.java:203)
	java.lang.StringBuffer.toString(StringBuffer.java:561)
	java.net.URLStreamHandler.toExternalForm(URLStreamHandler.java:508)
TRACE 300122: (thread=200004)
	java.lang.ClassLoader.defineClass1(ClassLoader.java:Unknown line)
	java.lang.ClassLoader.defineClass(ClassLoader.java:792)
	java.security.SecureClassLoader.defineClass(SecureClassLoader.java:142)
	java.net.URLClassLoader.defineClass(URLClassLoader.java:449)
TRACE 300123: (thread=200004)
	com.sun.btrace.org.objectweb.asm.ClassVisitor.<init>(<Unknown Source>:Unknown line)
	com.sun.btrace.org.objectweb.asm.ClassVisitor.<init>(<Unknown Source>:Unknown line)
	com.sun.btrace.runtime.ClassFilter$CheckingVisitor.<init>(ClassFilter.java:167)
	com.sun.btrace.runtime.ClassFilter.isCandidate(ClassFilter.java:135)
TRACE 300124: (thread=200001)
	com.sun.btrace.org.objectweb.asm.ClassVisitor.<init>(<Unknown Source>:Unknown line)
	com.sun.btrace.org.objectweb.asm.ClassVisitor.<init>(<Unknown Source>:Unknown line)
	com.sun.btrace.runtime.ClassFilter$CheckingVisitor.<init>(ClassFilter.java:167)
	com.sun.btrace.runtime.ClassFilter.isCandidate(ClassFilter.java:135)
TRACE 300125: (thread=200004)
	com.sun.btrace.org.objectweb.asm.AnnotationVisitor.<init>(<Unknown Source>:Unknown line)
	com.sun.btrace.org.objectweb.asm.AnnotationVisitor.<init>(<Unknown Source>:Unknown line)
	com.sun.btrace.runtime.ClassFilter$CheckingVisitor$1.<init>(ClassFilter.java:164)
	com.sun.btrace.runtime.ClassFilter$CheckingVisitor.<init>(ClassFilter.java:164)
TRACE 300126: (thread=200001)
	com.sun.btrace.org.objectweb.asm.AnnotationVisitor.<init>(<Unknown Source>:Unknown line)
	com.sun.btrace.org.objectweb.asm.AnnotationVisitor.<init>(<Unknown Source>:Unknown line)
	com.sun.btrace.runtime.ClassFilter$CheckingVisitor$1.<init>(ClassFilter.java:164)
	com.sun.btrace.runtime.ClassFilter$CheckingVisitor.<init>(ClassFilter.java:164)
TRACE 300127: (thread=200004)
	com.sun.btrace.org.objectweb.asm.ClassReader.accept(<Unknown Source>:Unknown line)
	com.sun.btrace.runtime.InstrumentUtils.accept(InstrumentUtils.java:66)
	com.sun.btrace.runtime.InstrumentUtils.accept(InstrumentUtils.java:62)
	com.sun.btrace.runtime.ClassFilter.isCandidate(ClassFilter.java:136)
TRACE 300128: (thread=200001)
	com.sun.btrace.org.objectweb.asm.ClassReader.accept(<Unknown Source>:Unknown line)
	com.sun.btrace.runtime.InstrumentUtils.accept(InstrumentUtils.java:66)
	com.sun.btrace.runtime.InstrumentUtils.accept(InstrumentUtils.java:62)
	com.sun.btrace.runtime.ClassFilter.isCandidate(ClassFilter.java:136)
TRACE 300129: (thread=200004)
	com.sun.btrace.org.objectweb.asm.ClassReader.accept(<Unknown Source>:Unknown line)
	com.sun.btrace.org.objectweb.asm.ClassReader.accept(<Unknown Source>:Unknown line)
	com.sun.btrace.runtime.InstrumentUtils.accept(InstrumentUtils.java:66)
	com.sun.btrace.runtime.InstrumentUtils.accept(InstrumentUtils.java:62)
TRACE 300130: (thread=200001)
	com.sun.btrace.org.objectweb.asm.ClassReader.accept(<Unknown Source>:Unknown line)
	com.sun.btrace.org.objectweb.asm.ClassReader.accept(<Unknown Source>:Unknown line)
	com.sun.btrace.runtime.InstrumentUtils.accept(InstrumentUtils.java:66)
	com.sun.btrace.runtime.InstrumentUtils.accept(InstrumentUtils.java:62)
TRACE 300131: (thread=200004)
	com.sun.btrace.org.objectweb.asm.Context.<init>(<Unknown Source>:Unknown line)
	com.sun.btrace.org.objectweb.asm.ClassReader.accept(<Unknown Source>:Unknown line)
	com.sun.btrace.org.objectweb.asm.ClassReader.accept(<Unknown Source>:Unknown line)
	com.sun.btrace.runtime.InstrumentUtils.accept(InstrumentUtils.java:66)
TRACE 300132: (thread=200001)
	com.sun.btrace.org.objectweb.asm.Context.<init>(<Unknown Source>:Unknown line)
	com.sun.btrace.org.objectweb.asm.ClassReader.accept(<Unknown Source>:Unknown line)
	com.sun.btrace.org.objectweb.asm.ClassReader.accept(<Unknown Source>:Unknown line)
	com.sun.btrace.runtime.InstrumentUtils.accept(InstrumentUtils.java:66)
TRACE 300133: (thread=200001)
	java.lang.String.<init>(String.java:192)
	com.sun.btrace.org.objectweb.asm.ClassReader.a(<Unknown Source>:Unknown line)
	com.sun.btrace.org.objectweb.asm.ClassReader.readUTF8(<Unknown Source>:Unknown line)
	com.sun.btrace.org.objectweb.asm.ClassReader.readClass(<Unknown Source>:Unknown line)
TRACE 300134: (thread=200001)
	java.util.Arrays.copyOfRange(Arrays.java:2694)
	java.lang.String.<init>(String.java:203)
	com.sun.btrace.org.objectweb.asm.ClassReader.a(<Unknown Source>:Unknown line)
	com.sun.btrace.org.objectweb.asm.ClassReader.readUTF8(<Unknown Source>:Unknown line)
TRACE 300135: (thread=200001)
	com.sun.btrace.org.objectweb.asm.ClassReader.accept(<Unknown Source>:Unknown line)
	com.sun.btrace.org.objectweb.asm.ClassReader.accept(<Unknown Source>:Unknown line)
	com.sun.btrace.runtime.InstrumentUtils.accept(InstrumentUtils.java:66)
	com.sun.btrace.runtime.InstrumentUtils.accept(InstrumentUtils.java:62)
TRACE 300136: (thread=200001)
	java.lang.String.<init>(String.java:192)
	com.sun.btrace.org.objectweb.asm.ClassReader.a(<Unknown Source>:Unknown line)
	com.sun.btrace.org.objectweb.asm.ClassReader.readUTF8(<Unknown Source>:Unknown line)
	com.sun.btrace.org.objectweb.asm.ClassReader.accept(<Unknown Source>:Unknown line)
TRACE 300137: (thread=200001)
	java.lang.String.<init>(String.java:192)
	com.sun.btrace.org.objectweb.asm.ClassReader.a(<Unknown Source>:Unknown line)
	com.sun.btrace.org.objectweb.asm.ClassReader.readUTF8(<Unknown Source>:Unknown line)
	com.sun.btrace.org.objectweb.asm.ClassReader.accept(<Unknown Source>:Unknown line)
TRACE 300138: (thread=200004)
	java.lang.String.<init>(String.java:192)
	com.sun.btrace.org.objectweb.asm.ClassReader.a(<Unknown Source>:Unknown line)
	com.sun.btrace.org.objectweb.asm.ClassReader.readUTF8(<Unknown Source>:Unknown line)
	com.sun.btrace.org.objectweb.asm.ClassReader.readClass(<Unknown Source>:Unknown line)
TRACE 300139: (thread=200004)
	java.util.Arrays.copyOfRange(Arrays.java:2694)
	java.lang.String.<init>(String.java:203)
	com.sun.btrace.org.objectweb.asm.ClassReader.a(<Unknown Source>:Unknown line)
	com.sun.btrace.org.objectweb.asm.ClassReader.readUTF8(<Unknown Source>:Unknown line)
TRACE 300140: (thread=200001)
	java.lang.String.<init>(String.java:192)
	com.sun.btrace.org.objectweb.asm.ClassReader.a(<Unknown Source>:Unknown line)
	com.sun.btrace.org.objectweb.asm.ClassReader.readUTF8(<Unknown Source>:Unknown line)
	com.sun.btrace.org.objectweb.asm.ClassReader.accept(<Unknown Source>:Unknown line)
TRACE 300141: (thread=200004)
	com.sun.btrace.org.objectweb.asm.ClassReader.accept(<Unknown Source>:Unknown line)
	com.sun.btrace.org.objectweb.asm.ClassReader.accept(<Unknown Source>:Unknown line)
	com.sun.btrace.runtime.InstrumentUtils.accept(InstrumentUtils.java:66)
	com.sun.btrace.runtime.InstrumentUtils.accept(InstrumentUtils.java:62)
TRACE 300142: (thread=200001)
	java.lang.String.replace(String.java:2021)
	com.sun.btrace.runtime.ClassFilter$CheckingVisitor.visit(ClassFilter.java:181)
	com.sun.btrace.org.objectweb.asm.ClassReader.accept(<Unknown Source>:Unknown line)
	com.sun.btrace.org.objectweb.asm.ClassReader.accept(<Unknown Source>:Unknown line)
TRACE 300143: (thread=200001)
	java.lang.String.<init>(String.java:599)
	java.lang.String.replace(String.java:2030)
	com.sun.btrace.runtime.ClassFilter$CheckingVisitor.visit(ClassFilter.java:181)
	com.sun.btrace.org.objectweb.asm.ClassReader.accept(<Unknown Source>:Unknown line)
TRACE 300144: (thread=200004)
	java.lang.String.<init>(String.java:192)
	com.sun.btrace.org.objectweb.asm.ClassReader.a(<Unknown Source>:Unknown line)
	com.sun.btrace.org.objectweb.asm.ClassReader.readUTF8(<Unknown Source>:Unknown line)
	com.sun.btrace.org.objectweb.asm.ClassReader.accept(<Unknown Source>:Unknown line)
TRACE 300145: (thread=200004)
	java.lang.String.<init>(String.java:192)
	com.sun.btrace.org.objectweb.asm.ClassReader.a(<Unknown Source>:Unknown line)
	com.sun.btrace.org.objectweb.asm.ClassReader.readUTF8(<Unknown Source>:Unknown line)
	com.sun.btrace.org.objectweb.asm.ClassReader.accept(<Unknown Source>:Unknown line)
TRACE 300146: (thread=200001)
	java.lang.String.<init>(String.java:192)
	com.sun.btrace.org.objectweb.asm.ClassReader.a(<Unknown Source>:Unknown line)
	com.sun.btrace.org.objectweb.asm.ClassReader.readUTF8(<Unknown Source>:Unknown line)
	com.sun.btrace.org.objectweb.asm.ClassReader.accept(<Unknown Source>:Unknown line)
TRACE 300147: (thread=200001)
	java.lang.String.<init>(String.java:192)
	com.sun.btrace.org.objectweb.asm.ClassReader.a(<Unknown Source>:Unknown line)
	com.sun.btrace.org.objectweb.asm.ClassReader.readUTF8(<Unknown Source>:Unknown line)
	com.sun.btrace.org.objectweb.asm.ClassReader.a(<Unknown Source>:Unknown line)
TRACE 300148: (thread=200001)
	java.lang.String.<init>(String.java:192)
	com.sun.btrace.org.objectweb.asm.ClassReader.a(<Unknown Source>:Unknown line)
	com.sun.btrace.org.objectweb.asm.ClassReader.readUTF8(<Unknown Source>:Unknown line)
	com.sun.btrace.org.objectweb.asm.ClassReader.a(<Unknown Source>:Unknown line)
TRACE 300149: (thread=200004)
	java.lang.String.<init>(String.java:192)
	com.sun.btrace.org.objectweb.asm.ClassReader.a(<Unknown Source>:Unknown line)
	com.sun.btrace.org.objectweb.asm.ClassReader.readUTF8(<Unknown Source>:Unknown line)
	com.sun.btrace.org.objectweb.asm.ClassReader.accept(<Unknown Source>:Unknown line)
TRACE 300150: (thread=200004)
	java.lang.String.replace(String.java:2021)
	com.sun.btrace.runtime.ClassFilter$CheckingVisitor.visit(ClassFilter.java:181)
	com.sun.btrace.org.objectweb.asm.ClassReader.accept(<Unknown Source>:Unknown line)
	com.sun.btrace.org.objectweb.asm.ClassReader.accept(<Unknown Source>:Unknown line)
TRACE 300151: (thread=200004)
	java.lang.String.<init>(String.java:599)
	java.lang.String.replace(String.java:2030)
	com.sun.btrace.runtime.ClassFilter$CheckingVisitor.visit(ClassFilter.java:181)
	com.sun.btrace.org.objectweb.asm.ClassReader.accept(<Unknown Source>:Unknown line)
TRACE 300152: (thread=200001)
	java.lang.String.<init>(String.java:192)
	com.sun.btrace.org.objectweb.asm.ClassReader.a(<Unknown Source>:Unknown line)
	com.sun.btrace.org.objectweb.asm.ClassReader.readUTF8(<Unknown Source>:Unknown line)
	com.sun.btrace.org.objectweb.asm.ClassReader.a(<Unknown Source>:Unknown line)
TRACE 300153: (thread=200001)
	java.lang.String.<init>(String.java:192)
	com.sun.btrace.org.objectweb.asm.ClassReader.a(<Unknown Source>:Unknown line)
	com.sun.btrace.org.objectweb.asm.ClassReader.readUTF8(<Unknown Source>:Unknown line)
	com.sun.btrace.org.objectweb.asm.ClassReader.readConst(<Unknown Source>:Unknown line)
TRACE 300154: (thread=200004)
	java.lang.String.<init>(String.java:192)
	com.sun.btrace.org.objectweb.asm.ClassReader.a(<Unknown Source>:Unknown line)
	com.sun.btrace.org.objectweb.asm.ClassReader.readUTF8(<Unknown Source>:Unknown line)
	com.sun.btrace.org.objectweb.asm.ClassReader.accept(<Unknown Source>:Unknown line)
TRACE 300155: (thread=200004)
	java.lang.String.<init>(String.java:192)
	com.sun.btrace.org.objectweb.asm.ClassReader.a(<Unknown Source>:Unknown line)
	com.sun.btrace.org.objectweb.asm.ClassReader.readUTF8(<Unknown Source>:Unknown line)
	com.sun.btrace.org.objectweb.asm.ClassReader.a(<Unknown Source>:Unknown line)
TRACE 300156: (thread=200001)
	java.lang.Number.<init>(Number.java:49)
	java.lang.Integer.<init>(Integer.java:659)
	com.sun.btrace.org.objectweb.asm.ClassReader.readConst(<Unknown Source>:Unknown line)
	com.sun.btrace.org.objectweb.asm.ClassReader.a(<Unknown Source>:Unknown line)
TRACE 300157: (thread=200004)
	java.lang.String.<init>(String.java:192)
	com.sun.btrace.org.objectweb.asm.ClassReader.a(<Unknown Source>:Unknown line)
	com.sun.btrace.org.objectweb.asm.ClassReader.readUTF8(<Unknown Source>:Unknown line)
	com.sun.btrace.org.objectweb.asm.ClassReader.a(<Unknown Source>:Unknown line)
TRACE 300158: (thread=200004)
	java.lang.String.<init>(String.java:192)
	com.sun.btrace.org.objectweb.asm.ClassReader.a(<Unknown Source>:Unknown line)
	com.sun.btrace.org.objectweb.asm.ClassReader.readUTF8(<Unknown Source>:Unknown line)
	com.sun.btrace.org.objectweb.asm.ClassReader.a(<Unknown Source>:Unknown line)
TRACE 300159: (thread=200004)
	java.lang.String.<init>(String.java:192)
	com.sun.btrace.org.objectweb.asm.ClassReader.a(<Unknown Source>:Unknown line)
	com.sun.btrace.org.objectweb.asm.ClassReader.readUTF8(<Unknown Source>:Unknown line)
	com.sun.btrace.org.objectweb.asm.ClassReader.b(<Unknown Source>:Unknown line)
TRACE 300160: (thread=200004)
	java.lang.String.<init>(String.java:192)
	com.sun.btrace.org.objectweb.asm.ClassReader.a(<Unknown Source>:Unknown line)
	com.sun.btrace.org.objectweb.asm.ClassReader.readUTF8(<Unknown Source>:Unknown line)
	com.sun.btrace.org.objectweb.asm.ClassReader.b(<Unknown Source>:Unknown line)
TRACE 300161: (thread=200001)
	java.lang.String.<init>(String.java:192)
	com.sun.btrace.org.objectweb.asm.ClassReader.a(<Unknown Source>:Unknown line)
	com.sun.btrace.org.objectweb.asm.ClassReader.readUTF8(<Unknown Source>:Unknown line)
	com.sun.btrace.org.objectweb.asm.ClassReader.b(<Unknown Source>:Unknown line)
TRACE 300162: (thread=200004)
	java.lang.String.<init>(String.java:192)
	com.sun.btrace.org.objectweb.asm.ClassReader.a(<Unknown Source>:Unknown line)
	com.sun.btrace.org.objectweb.asm.ClassReader.readUTF8(<Unknown Source>:Unknown line)
	com.sun.btrace.org.objectweb.asm.ClassReader.b(<Unknown Source>:Unknown line)
TRACE 300163: (thread=200001)
	java.lang.String.<init>(String.java:192)
	com.sun.btrace.org.objectweb.asm.ClassReader.a(<Unknown Source>:Unknown line)
	com.sun.btrace.org.objectweb.asm.ClassReader.readUTF8(<Unknown Source>:Unknown line)
	com.sun.btrace.org.objectweb.asm.ClassReader.b(<Unknown Source>:Unknown line)
TRACE 300164: (thread=200001)
	java.lang.String.<init>(String.java:192)
	com.sun.btrace.org.objectweb.asm.ClassReader.a(<Unknown Source>:Unknown line)
	com.sun.btrace.org.objectweb.asm.ClassReader.readUTF8(<Unknown Source>:Unknown line)
	com.sun.btrace.org.objectweb.asm.ClassReader.b(<Unknown Source>:Unknown line)
TRACE 300165: (thread=200004)
	java.lang.String.<init>(String.java:192)
	com.sun.btrace.org.objectweb.asm.ClassReader.a(<Unknown Source>:Unknown line)
	com.sun.btrace.org.objectweb.asm.ClassReader.readUTF8(<Unknown Source>:Unknown line)
	com.sun.btrace.org.objectweb.asm.ClassReader.b(<Unknown Source>:Unknown line)
TRACE 300166: (thread=200001)
	java.lang.String.<init>(String.java:192)
	com.sun.btrace.org.objectweb.asm.ClassReader.a(<Unknown Source>:Unknown line)
	com.sun.btrace.org.objectweb.asm.ClassReader.readUTF8(<Unknown Source>:Unknown line)
	com.sun.btrace.org.objectweb.asm.ClassReader.b(<Unknown Source>:Unknown line)
TRACE 300167: (thread=200004)
	java.util.Collections.emptyIterator(Collections.java:2998)
	java.util.Collections$EmptySet.iterator(Collections.java:3132)
	java.lang.Class.initAnnotationsIfNecessary(Class.java:3176)
	java.lang.Class.getAnnotation(Class.java:3127)
TRACE 300168: (thread=200004)
	java.util.Collections$EmptyIterator.<init>(Collections.java:3001)
	java.util.Collections$EmptyIterator.<clinit>(Collections.java:3002)
	java.util.Collections.emptyIterator(Collections.java:2998)
	java.util.Collections$EmptySet.iterator(Collections.java:3132)
TRACE 300169: (thread=200004)
	java.util.AbstractCollection.<init>(AbstractCollection.java:66)
	java.util.HashMap$Values.<init>(HashMap.java:1008)
	java.util.HashMap$Values.<init>(HashMap.java:1008)
	java.util.HashMap.values(HashMap.java:1005)
TRACE 300170: (thread=200004)
	java.util.HashMap$HashIterator.<init>(HashMap.java:879)
	java.util.HashMap$ValueIterator.<init>(HashMap.java:920)
	java.util.HashMap$ValueIterator.<init>(HashMap.java:920)
	java.util.HashMap.newValueIterator(HashMap.java:943)
TRACE 300171: (thread=200004)
	com.sun.btrace.runtime.ClassFilter.isCandidate(ClassFilter.java:106)
	com.sun.btrace.agent.Client.isCandidate(Client.java:321)
	com.sun.btrace.agent.Main$4.run(Main.java:416)
	java.util.concurrent.Executors$RunnableAdapter.call(Executors.java:471)
TRACE 300172: (thread=200004)
	java.lang.String.replace(String.java:2021)
	com.sun.btrace.agent.Client.isCandidate(Client.java:314)
	com.sun.btrace.agent.Main$4.run(Main.java:416)
	java.util.concurrent.Executors$RunnableAdapter.call(Executors.java:471)
TRACE 300173: (thread=200004)
	java.lang.String.<init>(String.java:599)
	java.lang.String.replace(String.java:2030)
	com.sun.btrace.agent.Client.isCandidate(Client.java:314)
	com.sun.btrace.agent.Main$4.run(Main.java:416)
TRACE 300174: (thread=200004)
	java.util.AbstractMap.<init>(AbstractMap.java:73)
	java.util.HashMap.<init>(HashMap.java:266)
	java.util.HashMap.<init>(HashMap.java:305)
	java.lang.Class.initAnnotationsIfNecessary(Class.java:3174)
TRACE 300175: (thread=200004)
	java.util.HashMap.<init>(HashMap.java:283)
	java.util.HashMap.<init>(HashMap.java:305)
	java.lang.Class.initAnnotationsIfNecessary(Class.java:3174)
	java.lang.Class.getAnnotation(Class.java:3127)
TRACE 300176: (thread=200004)
	java.util.HashMap.<init>(HashMap.java:283)
	java.util.HashMap.<init>(HashMap.java:305)
	java.lang.Class.initAnnotationsIfNecessary(Class.java:3174)
	java.lang.Class.initAnnotationsIfNecessary(Class.java:3175)
TRACE 300177: (thread=200004)
	java.util.AbstractCollection.<init>(AbstractCollection.java:66)
	java.util.AbstractSet.<init>(AbstractSet.java:63)
	java.util.HashMap$EntrySet.<init>(HashMap.java:1048)
	java.util.HashMap$EntrySet.<init>(HashMap.java:1048)
TRACE 300178: (thread=200004)
	java.util.HashMap$HashIterator.<init>(HashMap.java:879)
	java.util.HashMap$EntryIterator.<init>(HashMap.java:932)
	java.util.HashMap$EntryIterator.<init>(HashMap.java:932)
	java.util.HashMap.newEntryIterator(HashMap.java:946)
TRACE 300179: (thread=200001)
	java.lang.Enum.<init>(Enum.java:117)
	sun.launcher.LauncherHelper.<init>(LauncherHelper.java:69)
	sun.launcher.LauncherHelper.<clinit>(LauncherHelper.java:70)
TRACE 300180: (thread=200001)
	sun.launcher.LauncherHelper.<clinit>(LauncherHelper.java:69)
TRACE 300181: (thread=200001)
	java.lang.AbstractStringBuilder.<init>(AbstractStringBuilder.java:63)
	java.lang.StringBuilder.<init>(StringBuilder.java:85)
	sun.launcher.LauncherHelper.<clinit>(LauncherHelper.java:73)
TRACE 300182: (thread=200001)
	java.lang.AbstractStringBuilder.<init>(AbstractStringBuilder.java:64)
	java.lang.StringBuilder.<init>(StringBuilder.java:85)
	sun.launcher.LauncherHelper.<clinit>(LauncherHelper.java:73)
TRACE 300183: (thread=200001)
	java.lang.String.<init>(String.java:412)
	java.lang.String.<init>(String.java:481)
	sun.launcher.LauncherHelper.makePlatformString(LauncherHelper.java:528)
TRACE 300184: (thread=200001)
	java.lang.StringCoding$StringDecoder.decode(StringCoding.java:149)
	java.lang.StringCoding.decode(StringCoding.java:193)
	java.lang.String.<init>(String.java:416)
	java.lang.String.<init>(String.java:481)
TRACE 300185: (thread=200001)
	java.lang.ClassLoader.getClassLoadingLock(ClassLoader.java:462)
	java.lang.ClassLoader.loadClass(ClassLoader.java:404)
	sun.misc.Launcher$AppClassLoader.loadClass(Launcher.java:308)
	java.lang.ClassLoader.loadClass(ClassLoader.java:357)
TRACE 300186: (thread=200001)
	java.util.concurrent.ConcurrentHashMap$HashEntry.<init>(ConcurrentHashMap.java:268)
	java.util.concurrent.ConcurrentHashMap$Segment.put(ConcurrentHashMap.java:457)
	java.util.concurrent.ConcurrentHashMap.putIfAbsent(ConcurrentHashMap.java:1150)
	java.lang.ClassLoader.getClassLoadingLock(ClassLoader.java:463)
TRACE 300187: (thread=200001)
	java.lang.ClassLoader.getClassLoadingLock(ClassLoader.java:462)
	java.lang.ClassLoader.loadClass(ClassLoader.java:404)
	java.lang.ClassLoader.loadClass(ClassLoader.java:411)
	sun.misc.Launcher$AppClassLoader.loadClass(Launcher.java:308)
TRACE 300188: (thread=200001)
	java.net.URLClassLoader$1.<init>(URLClassLoader.java:355)
	java.net.URLClassLoader.findClass(URLClassLoader.java:354)
	java.lang.ClassLoader.loadClass(ClassLoader.java:424)
	java.lang.ClassLoader.loadClass(ClassLoader.java:411)
TRACE 300189: (thread=200001)
	java.lang.String.replace(String.java:2021)
	java.net.URLClassLoader$1.run(URLClassLoader.java:357)
	java.net.URLClassLoader$1.run(URLClassLoader.java:355)
	java.security.AccessController.doPrivileged(AccessController.java:Unknown line)
TRACE 300190: (thread=200001)
	java.lang.String.<init>(String.java:599)
	java.lang.String.replace(String.java:2030)
	java.net.URLClassLoader$1.run(URLClassLoader.java:357)
	java.net.URLClassLoader$1.run(URLClassLoader.java:355)
TRACE 300191: (thread=200001)
	java.util.Arrays.copyOf(Arrays.java:2367)
	java.lang.String.concat(String.java:1975)
	java.net.URLClassLoader$1.run(URLClassLoader.java:357)
	java.net.URLClassLoader$1.run(URLClassLoader.java:355)
TRACE 300192: (thread=200001)
	java.lang.String.<init>(String.java:599)
	java.lang.String.concat(String.java:1977)
	java.net.URLClassLoader$1.run(URLClassLoader.java:357)
	java.net.URLClassLoader$1.run(URLClassLoader.java:355)
TRACE 300193: (thread=200001)
	java.lang.Throwable.<init>(Throwable.java:286)
	java.lang.Exception.<init>(Exception.java:84)
	java.lang.ReflectiveOperationException.<init>(ReflectiveOperationException.java:75)
	java.lang.ClassNotFoundException.<init>(ClassNotFoundException.java:82)
TRACE 300194: (thread=200001)
	java.lang.Throwable.<init>(Throwable.java:309)
	java.lang.Exception.<init>(Exception.java:102)
	java.security.PrivilegedActionException.<init>(PrivilegedActionException.java:66)
	java.security.AccessController.doPrivileged(AccessController.java:Unknown line)
TRACE 300195: (thread=200001)
	java.net.URLClassLoader$1.<init>(URLClassLoader.java:355)
	java.net.URLClassLoader.findClass(URLClassLoader.java:354)
	java.lang.ClassLoader.loadClass(ClassLoader.java:424)
	sun.misc.Launcher$AppClassLoader.loadClass(Launcher.java:308)
TRACE 300196: (thread=200001)
	java.net.URL.<init>(URL.java:507)
	java.net.URL.<init>(URL.java:482)
	sun.misc.URLClassPath$FileLoader.getResource(URLClassPath.java:1049)
	sun.misc.URLClassPath.getResource(URLClassPath.java:199)
TRACE 300197: (thread=200001)
	java.lang.AbstractStringBuilder.<init>(AbstractStringBuilder.java:63)
	java.lang.StringBuilder.<init>(StringBuilder.java:85)
	java.net.URLStreamHandler.parseURL(URLStreamHandler.java:249)
	sun.net.www.protocol.file.Handler.parseURL(Handler.java:67)
TRACE 300198: (thread=200001)
	java.lang.AbstractStringBuilder.<init>(AbstractStringBuilder.java:64)
	java.lang.StringBuilder.<init>(StringBuilder.java:85)
	java.net.URLStreamHandler.parseURL(URLStreamHandler.java:249)
	sun.net.www.protocol.file.Handler.parseURL(Handler.java:67)
TRACE 300199: (thread=200001)
	java.lang.String.<init>(String.java:192)
	java.lang.StringBuilder.toString(StringBuilder.java:405)
	java.net.URLStreamHandler.parseURL(URLStreamHandler.java:249)
	sun.net.www.protocol.file.Handler.parseURL(Handler.java:67)
TRACE 300200: (thread=200001)
	java.util.Arrays.copyOfRange(Arrays.java:2694)
	java.lang.String.<init>(String.java:203)
	java.lang.StringBuilder.toString(StringBuilder.java:405)
	java.net.URLStreamHandler.parseURL(URLStreamHandler.java:249)
TRACE 300201: (thread=200001)
	java.lang.String.<init>(String.java:192)
	java.lang.String.substring(String.java:1913)
	java.net.URLStreamHandler.parseURL(URLStreamHandler.java:302)
	sun.net.www.protocol.file.Handler.parseURL(Handler.java:67)
TRACE 300202: (thread=200001)
	java.util.Arrays.copyOfRange(Arrays.java:2694)
	java.lang.String.<init>(String.java:203)
	java.lang.String.substring(String.java:1913)
	java.net.URLStreamHandler.parseURL(URLStreamHandler.java:302)
TRACE 300203: (thread=200001)
	sun.net.www.ParseUtil.encodePath(ParseUtil.java:105)
	sun.misc.URLClassPath$FileLoader.getResource(URLClassPath.java:1050)
	sun.misc.URLClassPath.getResource(URLClassPath.java:199)
	java.net.URLClassLoader$1.run(URLClassLoader.java:358)
TRACE 300204: (thread=200001)
	java.lang.String.toCharArray(String.java:2753)
	sun.net.www.ParseUtil.encodePath(ParseUtil.java:107)
	sun.misc.URLClassPath$FileLoader.getResource(URLClassPath.java:1050)
	sun.misc.URLClassPath.getResource(URLClassPath.java:199)
TRACE 300205: (thread=200001)
	java.lang.String.<init>(String.java:192)
	sun.net.www.ParseUtil.encodePath(ParseUtil.java:146)
	sun.misc.URLClassPath$FileLoader.getResource(URLClassPath.java:1050)
	sun.misc.URLClassPath.getResource(URLClassPath.java:199)
TRACE 300206: (thread=200001)
	java.util.Arrays.copyOfRange(Arrays.java:2694)
	java.lang.String.<init>(String.java:203)
	sun.net.www.ParseUtil.encodePath(ParseUtil.java:146)
	sun.misc.URLClassPath$FileLoader.getResource(URLClassPath.java:1050)
TRACE 300207: (thread=200001)
	java.net.URL.<init>(URL.java:507)
	java.net.URL.<init>(URL.java:482)
	sun.misc.URLClassPath$FileLoader.getResource(URLClassPath.java:1050)
	sun.misc.URLClassPath.getResource(URLClassPath.java:199)
TRACE 300208: (thread=200001)
	java.io.File.<init>(File.java:332)
	sun.misc.URLClassPath$FileLoader.getResource(URLClassPath.java:1069)
	sun.misc.URLClassPath.getResource(URLClassPath.java:199)
	java.net.URLClassLoader$1.run(URLClassLoader.java:358)
TRACE 300209: (thread=200001)
	java.lang.AbstractStringBuilder.<init>(AbstractStringBuilder.java:63)
	java.lang.StringBuilder.<init>(StringBuilder.java:85)
	java.io.UnixFileSystem.resolve(UnixFileSystem.java:108)
	java.io.File.<init>(File.java:341)
TRACE 300210: (thread=200001)
	java.lang.AbstractStringBuilder.<init>(AbstractStringBuilder.java:64)
	java.lang.StringBuilder.<init>(StringBuilder.java:85)
	java.io.UnixFileSystem.resolve(UnixFileSystem.java:108)
	java.io.File.<init>(File.java:341)
TRACE 300211: (thread=200001)
	java.util.Arrays.copyOf(Arrays.java:2367)
	java.lang.AbstractStringBuilder.expandCapacity(AbstractStringBuilder.java:130)
	java.lang.AbstractStringBuilder.ensureCapacityInternal(AbstractStringBuilder.java:114)
	java.lang.AbstractStringBuilder.append(AbstractStringBuilder.java:587)
TRACE 300212: (thread=200001)
	java.lang.String.<init>(String.java:192)
	java.lang.StringBuilder.toString(StringBuilder.java:405)
	java.io.UnixFileSystem.resolve(UnixFileSystem.java:108)
	java.io.File.<init>(File.java:341)
TRACE 300213: (thread=200001)
	java.util.Arrays.copyOfRange(Arrays.java:2694)
	java.lang.String.<init>(String.java:203)
	java.lang.StringBuilder.toString(StringBuilder.java:405)
	java.io.UnixFileSystem.resolve(UnixFileSystem.java:108)
TRACE 300214: (thread=200001)
	java.lang.String.toCharArray(String.java:2753)
	java.util.zip.ZipCoder.getBytes(ZipCoder.java:78)
	java.util.zip.ZipFile.getEntry(ZipFile.java:306)
	java.util.jar.JarFile.getEntry(JarFile.java:226)
TRACE 300215: (thread=200001)
	java.util.zip.ZipCoder.getBytes(ZipCoder.java:80)
	java.util.zip.ZipFile.getEntry(ZipFile.java:306)
	java.util.jar.JarFile.getEntry(JarFile.java:226)
	java.util.jar.JarFile.getJarEntry(JarFile.java:209)
TRACE 300216: (thread=200001)
	java.util.Arrays.copyOf(Arrays.java:2271)
	java.util.zip.ZipCoder.getBytes(ZipCoder.java:89)
	java.util.zip.ZipFile.getEntry(ZipFile.java:306)
	java.util.jar.JarFile.getEntry(JarFile.java:226)
TRACE 300217: (thread=200001)
	java.util.AbstractCollection.<init>(AbstractCollection.java:66)
	java.util.AbstractSet.<init>(AbstractSet.java:63)
	java.util.HashSet.<init>(HashSet.java:102)
	sun.misc.URLClassPath$JarLoader.getResource(URLClassPath.java:839)
TRACE 300218: (thread=200001)
	java.util.AbstractMap.<init>(AbstractMap.java:73)
	java.util.HashMap.<init>(HashMap.java:266)
	java.util.HashMap.<init>(HashMap.java:305)
	java.util.HashSet.<init>(HashSet.java:103)
TRACE 300219: (thread=200001)
	java.util.HashMap.<init>(HashMap.java:283)
	java.util.HashMap.<init>(HashMap.java:305)
	java.util.HashSet.<init>(HashSet.java:103)
	sun.misc.URLClassPath$JarLoader.getResource(URLClassPath.java:839)
TRACE 300220: (thread=200001)
	java.lang.String.<init>(String.java:192)
	java.lang.String.substring(String.java:1913)
	sun.misc.JarIndex.get(JarIndex.java:175)
	sun.misc.URLClassPath$JarLoader.getResource(URLClassPath.java:862)
TRACE 300221: (thread=200001)
	java.util.Arrays.copyOfRange(Arrays.java:2694)
	java.lang.String.<init>(String.java:203)
	java.lang.String.substring(String.java:1913)
	sun.misc.JarIndex.get(JarIndex.java:175)
TRACE 300222: (thread=200004)
	java.lang.Object.<init>(Object.java:37)
	java.lang.String.<init>(String.java:599)
	java.lang.String.replace(String.java:2030)
	com.sun.btrace.agent.Client.isCandidate(Client.java:314)
TRACE 300223: (thread=200004)
	java.lang.Object.<init>(Object.java:37)
	java.util.AbstractMap.<init>(AbstractMap.java:73)
	java.util.HashMap.<init>(HashMap.java:266)
	java.util.HashMap.<init>(HashMap.java:305)
TRACE 300224: (thread=200001)
	java.util.zip.ZipEntry.<init>(ZipEntry.java:95)
	java.util.zip.ZipFile.getZipEntry(ZipFile.java:522)
	java.util.zip.ZipFile.getEntry(ZipFile.java:308)
	java.util.jar.JarFile.getEntry(JarFile.java:226)
TRACE 300225: (thread=200001)
	java.util.zip.ZipEntry.<init>(ZipEntry.java:80)
	java.util.jar.JarEntry.<init>(JarEntry.java:62)
	java.util.jar.JarFile$JarFileEntry.<init>(JarFile.java:251)
	java.util.jar.JarFile.getEntry(JarFile.java:228)
TRACE 300226: (thread=200001)
	sun.net.www.ParseUtil.encodePath(ParseUtil.java:105)
	sun.misc.URLClassPath$JarLoader.checkResource(URLClassPath.java:749)
	sun.misc.URLClassPath$JarLoader.getResource(URLClassPath.java:834)
	sun.misc.URLClassPath.getResource(URLClassPath.java:199)
TRACE 300227: (thread=200001)
	java.lang.String.toCharArray(String.java:2753)
	sun.net.www.ParseUtil.encodePath(ParseUtil.java:107)
	sun.misc.URLClassPath$JarLoader.checkResource(URLClassPath.java:749)
	sun.misc.URLClassPath$JarLoader.getResource(URLClassPath.java:834)
TRACE 300228: (thread=200001)
	java.lang.String.<init>(String.java:192)
	sun.net.www.ParseUtil.encodePath(ParseUtil.java:146)
	sun.misc.URLClassPath$JarLoader.checkResource(URLClassPath.java:749)
	sun.misc.URLClassPath$JarLoader.getResource(URLClassPath.java:834)
TRACE 300229: (thread=200001)
	java.util.Arrays.copyOfRange(Arrays.java:2694)
	java.lang.String.<init>(String.java:203)
	sun.net.www.ParseUtil.encodePath(ParseUtil.java:146)
	sun.misc.URLClassPath$JarLoader.checkResource(URLClassPath.java:749)
TRACE 300230: (thread=200001)
	java.net.URL.<init>(URL.java:507)
	java.net.URL.<init>(URL.java:482)
	sun.misc.URLClassPath$JarLoader.checkResource(URLClassPath.java:749)
	sun.misc.URLClassPath$JarLoader.getResource(URLClassPath.java:834)
TRACE 300231: (thread=200001)
	java.lang.String.<init>(String.java:192)
	java.lang.String.substring(String.java:1913)
	sun.net.www.protocol.jar.Handler.parseURL(Handler.java:145)
	java.net.URL.<init>(URL.java:614)
TRACE 300232: (thread=200001)
	java.util.Arrays.copyOfRange(Arrays.java:2694)
	java.lang.String.<init>(String.java:203)
	java.lang.String.substring(String.java:1913)
	sun.net.www.protocol.jar.Handler.parseURL(Handler.java:145)
TRACE 300233: (thread=200001)
	java.lang.AbstractStringBuilder.<init>(AbstractStringBuilder.java:63)
	java.lang.StringBuilder.<init>(StringBuilder.java:85)
	sun.net.www.protocol.jar.Handler.parseContextSpec(Handler.java:206)
	sun.net.www.protocol.jar.Handler.parseURL(Handler.java:152)
TRACE 300234: (thread=200001)
	java.lang.AbstractStringBuilder.<init>(AbstractStringBuilder.java:64)
	java.lang.StringBuilder.<init>(StringBuilder.java:85)
	sun.net.www.protocol.jar.Handler.parseContextSpec(Handler.java:206)
	sun.net.www.protocol.jar.Handler.parseURL(Handler.java:152)
TRACE 300235: (thread=200001)
	java.lang.String.<init>(String.java:192)
	java.lang.StringBuilder.toString(StringBuilder.java:405)
	sun.net.www.protocol.jar.Handler.parseContextSpec(Handler.java:206)
	sun.net.www.protocol.jar.Handler.parseURL(Handler.java:152)
TRACE 300236: (thread=200001)
	java.util.Arrays.copyOfRange(Arrays.java:2694)
	java.lang.String.<init>(String.java:203)
	java.lang.StringBuilder.toString(StringBuilder.java:405)
	sun.net.www.protocol.jar.Handler.parseContextSpec(Handler.java:206)
TRACE 300237: (thread=200001)
	java.lang.String.<init>(String.java:192)
	java.lang.String.substring(String.java:1913)
	sun.net.www.protocol.jar.Handler.parseURL(Handler.java:156)
	java.net.URL.<init>(URL.java:614)
TRACE 300238: (thread=200001)
	java.util.Arrays.copyOfRange(Arrays.java:2694)
	java.lang.String.<init>(String.java:203)
	java.lang.String.substring(String.java:1913)
	sun.net.www.protocol.jar.Handler.parseURL(Handler.java:156)
TRACE 300239: (thread=200001)
	java.lang.String.<init>(String.java:192)
	java.lang.String.substring(String.java:1877)
	sun.net.www.protocol.jar.Handler.parseURL(Handler.java:157)
	java.net.URL.<init>(URL.java:614)
TRACE 300240: (thread=200001)
	java.util.Arrays.copyOfRange(Arrays.java:2694)
	java.lang.String.<init>(String.java:203)
	java.lang.String.substring(String.java:1877)
	sun.net.www.protocol.jar.Handler.parseURL(Handler.java:157)
